2026-04-23 17:52:09 +0000   78364 execution.flow     INFO     Start executing nodes in thread pool mode.
2026-04-23 17:52:09 +0000   78364 execution.flow     INFO     Start to run 4 nodes with concurrency level 16.
2026-04-23 17:52:09 +0000   78364 execution.flow     INFO     Executing node data_loader. node run id: a3ecab98-afbe-4a01-8dd1-0d2accdc480e_data_loader_0
2026-04-23 17:52:09 +0000   78364 execution.flow     INFO     Node data_loader completes.
2026-04-23 17:52:09 +0000   78364 execution.flow     INFO     Executing node code_maker. node run id: a3ecab98-afbe-4a01-8dd1-0d2accdc480e_code_maker_0
2026-04-23 17:52:28 +0000   78364 execution.flow     INFO     Node code_maker completes.
2026-04-23 17:52:28 +0000   78364 execution.flow     INFO     Executing node executor_node. node run id: a3ecab98-afbe-4a01-8dd1-0d2accdc480e_executor_node_0
2026-04-23 17:52:28 +0000   78364 execution.flow     INFO     Node executor_node completes.
2026-04-23 17:52:28 +0000   78364 execution.flow     INFO     Executing node data_synthesis. node run id: a3ecab98-afbe-4a01-8dd1-0d2accdc480e_data_synthesis_0
2026-04-23 17:52:29 +0000   78364 execution.flow     INFO     Node data_synthesis completes.
2026-04-23 17:56:17 +0000   78364 execution.flow     INFO     Start executing nodes in thread pool mode.
2026-04-23 17:56:17 +0000   78364 execution.flow     INFO     Start to run 4 nodes with concurrency level 16.
2026-04-23 17:56:17 +0000   78364 execution.flow     INFO     Executing node data_loader. node run id: cd986d85-7f4f-45ab-84d5-a7d41f1801a9_data_loader_0
2026-04-23 17:56:17 +0000   78364 execution.flow     INFO     Node data_loader completes.
2026-04-23 17:56:17 +0000   78364 execution.flow     INFO     Executing node code_maker. node run id: cd986d85-7f4f-45ab-84d5-a7d41f1801a9_code_maker_0
2026-04-23 17:56:33 +0000   78364 execution.flow     INFO     Node code_maker completes.
2026-04-23 17:56:33 +0000   78364 execution.flow     INFO     Executing node executor_node. node run id: cd986d85-7f4f-45ab-84d5-a7d41f1801a9_executor_node_0
2026-04-23 17:56:33 +0000   78364 execution.flow     INFO     Node executor_node completes.
2026-04-23 17:56:33 +0000   78364 execution.flow     INFO     Executing node data_synthesis. node run id: cd986d85-7f4f-45ab-84d5-a7d41f1801a9_data_synthesis_0
2026-04-23 17:56:34 +0000   78364 execution.flow     INFO     Node data_synthesis completes.
2026-04-23 18:01:16 +0000   78364 execution.flow     INFO     Start executing nodes in thread pool mode.
2026-04-23 18:01:16 +0000   78364 execution.flow     INFO     Start to run 4 nodes with concurrency level 16.
2026-04-23 18:01:16 +0000   78364 execution.flow     INFO     Executing node data_loader. node run id: f5b8b3ac-e1b4-4b73-8d27-d0eaf8e93747_data_loader_0
2026-04-23 18:01:17 +0000   78364 execution.flow     INFO     Node data_loader completes.
2026-04-23 18:01:17 +0000   78364 execution.flow     INFO     Executing node code_maker. node run id: f5b8b3ac-e1b4-4b73-8d27-d0eaf8e93747_code_maker_0
2026-04-23 18:01:37 +0000   78364 execution.flow     INFO     Node code_maker completes.
2026-04-23 18:01:37 +0000   78364 execution.flow     INFO     Executing node executor_node. node run id: f5b8b3ac-e1b4-4b73-8d27-d0eaf8e93747_executor_node_0
2026-04-23 18:01:37 +0000   78364 execution.flow     INFO     Node executor_node completes.
2026-04-23 18:01:37 +0000   78364 execution.flow     INFO     Executing node data_synthesis. node run id: f5b8b3ac-e1b4-4b73-8d27-d0eaf8e93747_data_synthesis_0
2026-04-23 18:01:38 +0000   78364 execution.flow     INFO     Node data_synthesis completes.
